\BOOKMARK [0][]{chapter*.6}{List of symbols}{}% 1
\BOOKMARK [0][]{chapter.1}{Einleitung}{}% 2
\BOOKMARK [1][]{section.1.1}{Hintergrund und Ausgangspunkt}{chapter.1}% 3
\BOOKMARK [1][]{section.1.2}{Aufgabenstellung}{chapter.1}% 4
\BOOKMARK [1][]{section.1.3}{Leitfaden durch die Arbeit}{chapter.1}% 5
\BOOKMARK [0][]{chapter.2}{State of the Art}{}% 6
\BOOKMARK [1][]{section.2.1}{Definition eines Prozesses}{chapter.2}% 7
\BOOKMARK [2][]{subsection.2.1.1}{Diskreter Prozess}{section.2.1}% 8
\BOOKMARK [2][]{subsection.2.1.2}{Kontinuierliche Prozess}{section.2.1}% 9
\BOOKMARK [2][]{subsection.2.1.3}{Chargenprozess}{section.2.1}% 10
\BOOKMARK [1][]{section.2.2}{Hardwareaufbau einer SPS}{chapter.2}% 11
\BOOKMARK [1][]{section.2.3}{Programmierung einer SPS}{chapter.2}% 12
\BOOKMARK [1][]{section.2.4}{Phasen und Rezepte}{chapter.2}% 13
\BOOKMARK [2][]{subsection.2.4.1}{Prozedur}{section.2.4}% 14
\BOOKMARK [2][]{subsection.2.4.2}{Rezept}{section.2.4}% 15
\BOOKMARK [3][]{subsubsection.2.4.2.1}{Rezepttypen}{subsection.2.4.2}% 16
\BOOKMARK [3][]{subsubsection.2.4.2.2}{Bestandteile des Rezeptes}{subsection.2.4.2}% 17
\BOOKMARK [3][]{subsubsection.2.4.2.3}{Einrichtungssteuerung}{subsection.2.4.2}% 18
\BOOKMARK [1][]{section.2.5}{Visualisierung von Produktionsanlagen}{chapter.2}% 19
\BOOKMARK [1][]{section.2.6}{Konzeptioneller Entwurf, Modellbasierte Entwicklung}{chapter.2}% 20
\BOOKMARK [2][]{subsection.2.6.1}{Modell}{section.2.6}% 21
\BOOKMARK [3][]{subsubsection.2.6.1.1}{XML}{subsection.2.6.1}% 22
\BOOKMARK [3][]{subsubsection.2.6.1.2}{Ontologie}{subsection.2.6.1}% 23
\BOOKMARK [3][]{subsubsection.2.6.1.3}{UML}{subsection.2.6.1}% 24
\BOOKMARK [1][]{section.2.7}{Fazit}{chapter.2}% 25
\BOOKMARK [0][]{chapter.3}{Konzept/Architektur}{}% 26
\BOOKMARK [1][]{section.3.1}{Produktionsanlage}{chapter.3}% 27
\BOOKMARK [1][]{section.3.2}{Modell}{chapter.3}% 28
\BOOKMARK [2][]{subsection.3.2.1}{Abbildung der Produktionsanlage}{section.3.2}% 29
\BOOKMARK [2][]{subsection.3.2.2}{Abbildung der Wege}{section.3.2}% 30
\BOOKMARK [1][]{section.3.3}{SPS Code}{chapter.3}% 31
\BOOKMARK [2][]{subsection.3.3.1}{Phasen}{section.3.3}% 32
\BOOKMARK [2][]{subsection.3.3.2}{Rezepte}{section.3.3}% 33
\BOOKMARK [1][]{section.3.4}{Codegenerierung}{chapter.3}% 34
\BOOKMARK [1][]{section.3.5}{Visualisierung der Produktionsanlage}{chapter.3}% 35
\BOOKMARK [0][]{chapter.4}{Implementierung}{}% 36
\BOOKMARK [1][]{section.4.1}{Visualisierung}{chapter.4}% 37
\BOOKMARK [1][]{section.4.2}{Phasen und Rezepte}{chapter.4}% 38
\BOOKMARK [1][]{section.4.3}{Modelle}{chapter.4}% 39
\BOOKMARK [1][]{section.4.4}{Codegenerierung}{chapter.4}% 40
\BOOKMARK [0][]{chapter.5}{Evaluation}{}% 41
\BOOKMARK [1][]{section.5.1}{Erfolgreiche Codegenerierung}{chapter.5}% 42
\BOOKMARK [0][]{chapter.6}{Zusammenfassung und Ausblick}{}% 43
\BOOKMARK [0][]{chapter.6}{Glossar}{}% 44
\BOOKMARK [0][]{appendix.A}{Appendix}{}% 45
\BOOKMARK [0][]{section*.11}{Literaturverzeichnis}{}% 46
